  imgui.cpp
  imgui_demo.cpp
  imgui_draw.cpp
  imgui_impl_dx9.cpp
  imgui_impl_win32.cpp
  imgui_widgets.cpp
  JSON.cpp
  stdafx.cpp
  main.cpp
C:\Users\Fetisov\source\repos\revenge hack\REVENGE\memory.h(153,1): warning C4312: приведение типов: преобразование из "DWORD" в "const void *" большего размера
C:\Users\Fetisov\source\repos\revenge hack\REVENGE\memory.h(153,1): message : Сообщение диагностики возникло в созданной компилятором функции "datatype Memory::ReadMemory(HANDLE,DWORD)"
C:\Users\Fetisov\source\repos\revenge hack\REVENGE\memory.h(153,1): warning C4312: приведение типов: преобразование из "DWORD" в "void *" большего размера
C:\Users\Fetisov\source\repos\revenge hack\REVENGE\memory.h(153,1): message : Сообщение диагностики возникло в созданной компилятором функции "void Memory::WriteMemory(HANDLE,DWORD,datatype)"
C:\Users\Fetisov\source\repos\revenge hack\REVENGE\memory.h(65,1): warning C4311: приведение типов: усечение указателя из "BYTE *" в "DWORD"
C:\Users\Fetisov\source\repos\revenge hack\REVENGE\memory.h(65,1): warning C4302: приведение типов: усечение из "BYTE *" к "DWORD"
C:\Users\Fetisov\source\repos\revenge hack\REVENGE\memory.h(89,1): warning C4311: приведение типов: усечение указателя из "BYTE *" в "DWORD"
C:\Users\Fetisov\source\repos\revenge hack\REVENGE\memory.h(89,1): warning C4302: приведение типов: усечение из "BYTE *" к "DWORD"
C:\Users\Fetisov\source\repos\revenge hack\REVENGE\memory.h(133,1): warning C4312: приведение типов: преобразование из "unsigned long" в "LPCVOID" большего размера
C:\Users\Fetisov\source\repos\revenge hack\REVENGE\memory.h(143,1): warning C4311: приведение типов: усечение указателя из "PVOID" в "DWORD"
C:\Users\Fetisov\source\repos\revenge hack\REVENGE\memory.h(143,1): warning C4302: приведение типов: усечение из "PVOID" к "DWORD"
C:\Users\Fetisov\source\repos\revenge hack\REVENGE\memory.h(149,1): warning C4244: +=: преобразование "SIZE_T" в "DWORD", возможна потеря данных
C:\Users\Fetisov\source\repos\revenge hack\REVENGE\customtag.h(62,10): warning C4101: random: неиспользованная локальная переменная
C:\Users\Fetisov\source\repos\revenge hack\REVENGE\customtag.h(92,1): warning C4267: инициализация: преобразование из "size_t" в "unsigned int"; возможна потеря данных
C:\Users\Fetisov\source\repos\revenge hack\REVENGE\customtag.h(93,1): warning C4267: инициализация: преобразование из "size_t" в "unsigned int"; возможна потеря данных
C:\Users\Fetisov\source\repos\revenge hack\REVENGE\customtag.h(104,1): warning C4311: приведение типов: усечение указателя из "LPVOID" в "DWORD"
C:\Users\Fetisov\source\repos\revenge hack\REVENGE\customtag.h(104,1): warning C4302: приведение типов: усечение из "LPVOID" к "DWORD"
C:\Users\Fetisov\source\repos\revenge hack\REVENGE\customtag.h(105,1): warning C4311: приведение типов: усечение указателя из "LPVOID" в "DWORD"
C:\Users\Fetisov\source\repos\revenge hack\REVENGE\customtag.h(105,1): warning C4302: приведение типов: усечение из "LPVOID" к "DWORD"
C:\Users\Fetisov\source\repos\revenge hack\REVENGE\memory.h(19,1): warning C4312: приведение типов: преобразование из "DWORD" в "LPCVOID" большего размера
C:\Users\Fetisov\source\repos\revenge hack\REVENGE\bhop.h(18): message : выполняется компиляция ссылки на экземпляр шаблон функции "datatype Memory::ReadMemory<DWORD>(HANDLE,DWORD)"
          with
          [
              datatype=DWORD
          ]
C:\Users\Fetisov\source\repos\revenge hack\REVENGE\memory.h(26,1): warning C4312: приведение типов: преобразование из "DWORD" в "LPVOID" большего размера
C:\Users\Fetisov\source\repos\revenge hack\REVENGE\bhop.h(30): message : выполняется компиляция ссылки на экземпляр шаблон функции "void Memory::WriteMemory<DWORD>(HANDLE,DWORD,datatype)"
          with
          [
              datatype=DWORD
          ]
  Создание кода
  Previous IPDB not found, fall back to full compilation.
  All 960 functions were compiled because no usable IPDB/IOBJ from previous compilation was found.
  Создание кода завершено
  REVENGE.vcxproj -> C:\Users\Fetisov\source\repos\revenge hack\x64\Release\REVENGE.exe
